<?xml version="1.0" encoding="UTF-8"?>
<coverage generated="1663893530050" clover="3.2.0">
  <project timestamp="1663893530050" name="All files">
    <metrics statements="236" coveredstatements="185" conditionals="39" coveredconditionals="21" methods="42" coveredmethods="25" elements="317" coveredelements="231" complexity="0" loc="236" ncloc="236" packages="11" files="22" classes="22"/>
    <package name="src">
      <metrics statements="17" coveredstatements="6" conditionals="0" coveredconditionals="0" methods="1" coveredmethods="0"/>
      <file name="app.module.ts" path="/Users/mrshaq/pinginc/core-interview-public/src/app.module.ts">
        <metrics statements="6" coveredstatements="6" conditionals="0" coveredconditionals="0" methods="0" coveredmethods="0"/>
        <line num="9" count="2" type="stmt"/>
        <line num="11" count="2" type="stmt"/>
        <line num="12" count="2" type="stmt"/>
        <line num="13" count="2" type="stmt"/>
        <line num="14" count="2" type="stmt"/>
        <line num="19" count="2" type="stmt"/>
      </file>
      <file name="main.ts" path="/Users/mrshaq/pinginc/core-interview-public/src/main.ts">
        <metrics statements="11" coveredstatements="0" conditionals="0" coveredconditionals="0" methods="1" coveredmethods="0"/>
        <line num="9" count="0" type="stmt"/>
        <line num="10" count="0" type="stmt"/>
        <line num="11" count="0" type="stmt"/>
        <line num="13" count="0" type="stmt"/>
        <line num="16" count="0" type="stmt"/>
        <line num="17" count="0" type="stmt"/>
        <line num="18" count="0" type="stmt"/>
        <line num="23" count="0" type="stmt"/>
        <line num="24" count="0" type="stmt"/>
        <line num="25" count="0" type="stmt"/>
        <line num="27" count="0" type="stmt"/>
      </file>
    </package>
    <package name="src.client">
      <metrics statements="64" coveredstatements="49" conditionals="4" coveredconditionals="2" methods="13" coveredmethods="7"/>
      <file name="client.controller.ts" path="/Users/mrshaq/pinginc/core-interview-public/src/client/client.controller.ts">
        <metrics statements="23" coveredstatements="11" conditionals="2" coveredconditionals="0" methods="4" coveredmethods="1"/>
        <line num="11" count="2" type="stmt"/>
        <line num="24" count="2" type="stmt"/>
        <line num="25" count="2" type="stmt"/>
        <line num="26" count="2" type="stmt"/>
        <line num="27" count="2" type="stmt"/>
        <line num="28" count="2" type="stmt"/>
        <line num="32" count="2" type="stmt"/>
        <line num="33" count="7" type="stmt"/>
        <line num="36" count="2" type="stmt"/>
        <line num="37" count="0" type="stmt"/>
        <line num="38" count="0" type="stmt"/>
        <line num="40" count="0" type="stmt"/>
        <line num="41" count="0" type="stmt"/>
        <line num="46" count="2" type="stmt"/>
        <line num="47" count="0" type="stmt"/>
        <line num="48" count="0" type="stmt"/>
        <line num="50" count="0" type="cond" truecount="0" falsecount="2"/>
        <line num="51" count="0" type="stmt"/>
        <line num="52" count="0" type="stmt"/>
        <line num="54" count="0" type="stmt"/>
        <line num="55" count="0" type="stmt"/>
        <line num="61" count="2" type="stmt"/>
        <line num="65" count="0" type="stmt"/>
      </file>
      <file name="client.module.ts" path="/Users/mrshaq/pinginc/core-interview-public/src/client/client.module.ts">
        <metrics statements="5" coveredstatements="5" conditionals="0" coveredconditionals="0" methods="0" coveredmethods="0"/>
        <line num="9" count="2" type="stmt"/>
        <line num="11" count="2" type="stmt"/>
        <line num="12" count="2" type="stmt"/>
        <line num="13" count="2" type="stmt"/>
        <line num="19" count="2" type="stmt"/>
      </file>
      <file name="client.repository.ts" path="/Users/mrshaq/pinginc/core-interview-public/src/client/client.repository.ts">
        <metrics statements="11" coveredstatements="9" conditionals="1" coveredconditionals="1" methods="4" coveredmethods="2"/>
        <line num="11" count="2" type="stmt"/>
        <line num="14" count="2" type="stmt"/>
        <line num="18" count="2" type="stmt"/>
        <line num="20" count="7" type="stmt"/>
        <line num="26" count="2" type="stmt"/>
        <line num="28" count="2" type="cond" truecount="1" falsecount="0"/>
        <line num="29" count="1" type="stmt"/>
        <line num="32" count="1" type="stmt"/>
        <line num="33" count="1" type="stmt"/>
        <line num="37" count="0" type="stmt"/>
        <line num="46" count="0" type="stmt"/>
      </file>
      <file name="client.service.ts" path="/Users/mrshaq/pinginc/core-interview-public/src/client/client.service.ts">
        <metrics statements="25" coveredstatements="24" conditionals="1" coveredconditionals="1" methods="5" coveredmethods="4"/>
        <line num="9" count="2" type="stmt"/>
        <line num="10" count="2" type="stmt"/>
        <line num="12" count="2" type="stmt"/>
        <line num="13" count="2" type="stmt"/>
        <line num="17" count="2" type="stmt"/>
        <line num="20" count="2" type="stmt"/>
        <line num="21" count="7" type="stmt"/>
        <line num="23" count="7" type="stmt"/>
        <line num="32" count="2" type="stmt"/>
        <line num="34" count="2" type="cond" truecount="1" falsecount="0"/>
        <line num="35" count="1" type="stmt"/>
        <line num="38" count="1" type="stmt"/>
        <line num="39" count="1" type="stmt"/>
        <line num="53" count="0" type="stmt"/>
        <line num="63" count="1" type="stmt"/>
        <line num="64" count="1" type="stmt"/>
        <line num="66" count="1" type="stmt"/>
        <line num="67" count="1" type="stmt"/>
        <line num="68" count="1" type="stmt"/>
        <line num="69" count="1" type="stmt"/>
        <line num="70" count="1" type="stmt"/>
        <line num="71" count="1" type="stmt"/>
        <line num="73" count="1" type="stmt"/>
        <line num="76" count="1" type="stmt"/>
        <line num="77" count="1" type="stmt"/>
      </file>
    </package>
    <package name="src.client.dto">
      <metrics statements="28" coveredstatements="25" conditionals="0" coveredconditionals="0" methods="3" coveredmethods="0"/>
      <file name="client-id.dto.ts" path="/Users/mrshaq/pinginc/core-interview-public/src/client/dto/client-id.dto.ts">
        <metrics statements="7" coveredstatements="6" conditionals="0" coveredconditionals="0" methods="1" coveredmethods="0"/>
        <line num="9" count="2" type="stmt"/>
        <line num="10" count="2" type="stmt"/>
        <line num="12" count="2" type="stmt"/>
        <line num="13" count="2" type="stmt"/>
        <line num="15" count="2" type="stmt"/>
        <line num="16" count="2" type="stmt"/>
        <line num="18" count="0" type="stmt"/>
      </file>
      <file name="import-many-clients.dto.ts" path="/Users/mrshaq/pinginc/core-interview-public/src/client/dto/import-many-clients.dto.ts">
        <metrics statements="6" coveredstatements="5" conditionals="0" coveredconditionals="0" methods="1" coveredmethods="0"/>
        <line num="8" count="2" type="stmt"/>
        <line num="9" count="2" type="stmt"/>
        <line num="11" count="2" type="stmt"/>
        <line num="13" count="2" type="stmt"/>
        <line num="15" count="2" type="stmt"/>
        <line num="16" count="0" type="stmt"/>
      </file>
      <file name="import-one-client.dto.ts" path="/Users/mrshaq/pinginc/core-interview-public/src/client/dto/import-one-client.dto.ts">
        <metrics statements="11" coveredstatements="10" conditionals="0" coveredconditionals="0" methods="1" coveredmethods="0"/>
        <line num="8" count="2" type="stmt"/>
        <line num="9" count="2" type="stmt"/>
        <line num="10" count="2" type="stmt"/>
        <line num="12" count="2" type="stmt"/>
        <line num="13" count="2" type="stmt"/>
        <line num="15" count="2" type="stmt"/>
        <line num="17" count="2" type="stmt"/>
        <line num="22" count="2" type="stmt"/>
        <line num="24" count="0" type="stmt"/>
        <line num="28" count="2" type="stmt"/>
        <line num="33" count="2" type="stmt"/>
      </file>
      <file name="search-many-clients.dto.ts" path="/Users/mrshaq/pinginc/core-interview-public/src/client/dto/search-many-clients.dto.ts">
        <metrics statements="4" coveredstatements="4" conditionals="0" coveredconditionals="0" methods="0" coveredmethods="0"/>
        <line num="8" count="2" type="stmt"/>
        <line num="10" count="2" type="stmt"/>
        <line num="11" count="2" type="stmt"/>
        <line num="15" count="2" type="stmt"/>
      </file>
    </package>
    <package name="src.client.entity">
      <metrics statements="1" coveredstatements="1" conditionals="0" coveredconditionals="0" methods="0" coveredmethods="0"/>
      <file name="client.entity.ts" path="/Users/mrshaq/pinginc/core-interview-public/src/client/entity/client.entity.ts">
        <metrics statements="1" coveredstatements="1" conditionals="0" coveredconditionals="0" methods="0" coveredmethods="0"/>
        <line num="11" count="2" type="stmt"/>
      </file>
    </package>
    <package name="src.config">
      <metrics statements="47" coveredstatements="42" conditionals="23" coveredconditionals="16" methods="6" coveredmethods="5"/>
      <file name="config.module.ts" path="/Users/mrshaq/pinginc/core-interview-public/src/config/config.module.ts">
        <metrics statements="46" coveredstatements="41" conditionals="23" coveredconditionals="16" methods="6" coveredmethods="5"/>
        <line num="9" count="3" type="stmt"/>
        <line num="10" count="3" type="stmt"/>
        <line num="11" count="3" type="stmt"/>
        <line num="12" count="3" type="stmt"/>
        <line num="14" count="3" type="stmt"/>
        <line num="18" count="3" type="stmt"/>
        <line num="20" count="2" type="cond" truecount="1" falsecount="0"/>
        <line num="21" count="2" type="stmt"/>
        <line num="22" count="2" type="stmt"/>
        <line num="25" count="2" type="stmt"/>
        <line num="33" count="7" type="cond" truecount="1" falsecount="1"/>
        <line num="34" count="7" type="cond" truecount="0" falsecount="1"/>
        <line num="35" count="0" type="stmt"/>
        <line num="38" count="7" type="cond" truecount="1" falsecount="1"/>
        <line num="39" count="7" type="cond" truecount="0" falsecount="1"/>
        <line num="40" count="0" type="stmt"/>
        <line num="43" count="7" type="cond" truecount="1" falsecount="1"/>
        <line num="44" count="7" type="cond" truecount="0" falsecount="1"/>
        <line num="45" count="0" type="stmt"/>
        <line num="48" count="7" type="stmt"/>
        <line num="49" count="7" type="stmt"/>
        <line num="50" count="7" type="stmt"/>
        <line num="51" count="7" type="stmt"/>
        <line num="52" count="7" type="stmt"/>
        <line num="62" count="17" type="cond" truecount="2" falsecount="0"/>
        <line num="63" count="5" type="stmt"/>
        <line num="64" count="12" type="cond" truecount="2" falsecount="0"/>
        <line num="65" count="11" type="stmt"/>
        <line num="67" count="1" type="stmt"/>
        <line num="70" count="16" type="cond" truecount="3" falsecount="0"/>
        <line num="71" count="4" type="stmt"/>
        <line num="74" count="12" type="cond" truecount="3" falsecount="0"/>
        <line num="75" count="2" type="stmt"/>
        <line num="78" count="10" type="stmt"/>
        <line num="82" count="12" type="cond" truecount="1" falsecount="0"/>
        <line num="83" count="1" type="stmt"/>
        <line num="88" count="11" type="stmt"/>
        <line num="89" count="11" type="stmt"/>
        <line num="91" count="1" type="stmt"/>
        <line num="94" count="10" type="cond" truecount="1" falsecount="0"/>
        <line num="95" count="1" type="stmt"/>
        <line num="98" count="9" type="stmt"/>
        <line num="102" count="7" type="cond" truecount="0" falsecount="1"/>
        <line num="103" count="0" type="stmt"/>
        <line num="106" count="7" type="stmt"/>
        <line num="110" count="0" type="stmt"/>
      </file>
      <file name="config.ts" path="/Users/mrshaq/pinginc/core-interview-public/src/config/config.ts">
        <metrics statements="1" coveredstatements="1" conditionals="0" coveredconditionals="0" methods="0" coveredmethods="0"/>
        <line num="9" count="3" type="stmt"/>
      </file>
    </package>
    <package name="src.database">
      <metrics statements="35" coveredstatements="34" conditionals="3" coveredconditionals="3" methods="7" coveredmethods="7"/>
      <file name="database.module.ts" path="/Users/mrshaq/pinginc/core-interview-public/src/database/database.module.ts">
        <metrics statements="12" coveredstatements="11" conditionals="0" coveredconditionals="0" methods="2" coveredmethods="2"/>
        <line num="8" count="2" type="stmt"/>
        <line num="9" count="2" type="stmt"/>
        <line num="11" count="2" type="stmt"/>
        <line num="12" count="2" type="stmt"/>
        <line num="30" count="2" type="stmt"/>
        <line num="32" count="2" type="stmt"/>
        <line num="43" count="7" type="stmt"/>
        <line num="44" count="7" type="stmt"/>
        <line num="47" count="0" type="stmt"/>
        <line num="50" count="7" type="stmt"/>
        <line num="51" count="7" type="stmt"/>
        <line num="52" count="7" type="stmt"/>
      </file>
      <file name="database.service.ts" path="/Users/mrshaq/pinginc/core-interview-public/src/database/database.service.ts">
        <metrics statements="23" coveredstatements="23" conditionals="3" coveredconditionals="3" methods="5" coveredmethods="5"/>
        <line num="8" count="2" type="stmt"/>
        <line num="9" count="2" type="stmt"/>
        <line num="14" count="2" type="stmt"/>
        <line num="15" count="2" type="stmt"/>
        <line num="16" count="2" type="stmt"/>
        <line num="17" count="2" type="stmt"/>
        <line num="20" count="7" type="stmt"/>
        <line num="21" count="7" type="stmt"/>
        <line num="22" count="7" type="stmt"/>
        <line num="23" count="5" type="stmt"/>
        <line num="26" count="7" type="cond" truecount="1" falsecount="0"/>
        <line num="27" count="2" type="stmt"/>
        <line num="30" count="7" type="stmt"/>
        <line num="32" count="7" type="stmt"/>
        <line num="33" count="7" type="cond" truecount="1" falsecount="0"/>
        <line num="34" count="2" type="stmt"/>
        <line num="46" count="7" type="stmt"/>
        <line num="47" count="7" type="cond" truecount="1" falsecount="0"/>
        <line num="48" count="2" type="stmt"/>
        <line num="63" count="7" type="stmt"/>
        <line num="64" count="7" type="stmt"/>
        <line num="68" count="7" type="stmt"/>
        <line num="72" count="7" type="stmt"/>
      </file>
    </package>
    <package name="src.error">
      <metrics statements="3" coveredstatements="3" conditionals="0" coveredconditionals="0" methods="1" coveredmethods="1"/>
      <file name="object-not-found.error.ts" path="/Users/mrshaq/pinginc/core-interview-public/src/error/object-not-found.error.ts">
        <metrics statements="3" coveredstatements="3" conditionals="0" coveredconditionals="0" methods="1" coveredmethods="1"/>
        <line num="8" count="2" type="stmt"/>
        <line num="10" count="1" type="stmt"/>
        <line num="11" count="1" type="stmt"/>
      </file>
    </package>
    <package name="src.health">
      <metrics statements="19" coveredstatements="15" conditionals="0" coveredconditionals="0" methods="4" coveredmethods="3"/>
      <file name="health.controller.ts" path="/Users/mrshaq/pinginc/core-interview-public/src/health/health.controller.ts">
        <metrics statements="9" coveredstatements="5" conditionals="0" coveredconditionals="0" methods="2" coveredmethods="1"/>
        <line num="9" count="3" type="stmt"/>
        <line num="12" count="3" type="stmt"/>
        <line num="15" count="3" type="stmt"/>
        <line num="16" count="9" type="stmt"/>
        <line num="19" count="3" type="stmt"/>
        <line num="20" count="0" type="stmt"/>
        <line num="21" count="0" type="stmt"/>
        <line num="23" count="0" type="stmt"/>
        <line num="24" count="0" type="stmt"/>
      </file>
      <file name="health.module.ts" path="/Users/mrshaq/pinginc/core-interview-public/src/health/health.module.ts">
        <metrics statements="4" coveredstatements="4" conditionals="0" coveredconditionals="0" methods="0" coveredmethods="0"/>
        <line num="9" count="3" type="stmt"/>
        <line num="11" count="3" type="stmt"/>
        <line num="12" count="3" type="stmt"/>
        <line num="18" count="3" type="stmt"/>
      </file>
      <file name="health.service.ts" path="/Users/mrshaq/pinginc/core-interview-public/src/health/health.service.ts">
        <metrics statements="6" coveredstatements="6" conditionals="0" coveredconditionals="0" methods="2" coveredmethods="2"/>
        <line num="9" count="3" type="stmt"/>
        <line num="11" count="3" type="stmt"/>
        <line num="14" count="3" type="stmt"/>
        <line num="15" count="9" type="stmt"/>
        <line num="18" count="9" type="stmt"/>
        <line num="22" count="1" type="stmt"/>
      </file>
    </package>
    <package name="src.health.dto">
      <metrics statements="1" coveredstatements="1" conditionals="0" coveredconditionals="0" methods="0" coveredmethods="0"/>
      <file name="health.dto.ts" path="/Users/mrshaq/pinginc/core-interview-public/src/health/dto/health.dto.ts">
        <metrics statements="1" coveredstatements="1" conditionals="0" coveredconditionals="0" methods="0" coveredmethods="0"/>
        <line num="9" count="3" type="stmt"/>
      </file>
    </package>
    <package name="src.transform">
      <metrics statements="10" coveredstatements="2" conditionals="5" coveredconditionals="0" methods="2" coveredmethods="0"/>
      <file name="object-id-transform.ts" path="/Users/mrshaq/pinginc/core-interview-public/src/transform/object-id-transform.ts">
        <metrics statements="10" coveredstatements="2" conditionals="5" coveredconditionals="0" methods="2" coveredmethods="0"/>
        <line num="9" count="2" type="stmt"/>
        <line num="12" count="0" type="cond" truecount="0" falsecount="1"/>
        <line num="13" count="0" type="stmt"/>
        <line num="16" count="0" type="cond" truecount="0" falsecount="1"/>
        <line num="17" count="0" type="stmt"/>
        <line num="20" count="0" type="cond" truecount="0" falsecount="3"/>
        <line num="21" count="0" type="stmt"/>
        <line num="24" count="0" type="stmt"/>
        <line num="27" count="2" type="stmt"/>
        <line num="28" count="0" type="stmt"/>
      </file>
    </package>
    <package name="src.validate">
      <metrics statements="11" coveredstatements="7" conditionals="4" coveredconditionals="0" methods="5" coveredmethods="2"/>
      <file name="is-object-id.ts" path="/Users/mrshaq/pinginc/core-interview-public/src/validate/is-object-id.ts">
        <metrics statements="11" coveredstatements="7" conditionals="4" coveredconditionals="0" methods="5" coveredmethods="2"/>
        <line num="8" count="2" type="stmt"/>
        <line num="9" count="2" type="stmt"/>
        <line num="11" count="2" type="stmt"/>
        <line num="13" count="2" type="stmt"/>
        <line num="14" count="0" type="cond" truecount="0" falsecount="2"/>
        <line num="17" count="2" type="stmt"/>
        <line num="18" count="4" type="stmt"/>
        <line num="19" count="4" type="stmt"/>
        <line num="27" count="0" type="cond" truecount="0" falsecount="2"/>
        <line num="28" count="0" type="stmt"/>
        <line num="30" count="0" type="stmt"/>
      </file>
    </package>
  </project>
</coverage>
