{"/Users/mrshaq/pinginc/core-interview-public/src/app.module.ts": {"path":"/Users/mrshaq/pinginc/core-interview-public/src/app.module.ts","statementMap":{"0":{"start":{"line":9,"column":0},"end":{"line":9,"column":40}},"1":{"start":{"line":11,"column":0},"end":{"line":11,"column":54}},"2":{"start":{"line":12,"column":0},"end":{"line":12,"column":54}},"3":{"start":{"line":13,"column":0},"end":{"line":13,"column":60}},"4":{"start":{"line":14,"column":0},"end":{"line":14,"column":54}},"5":{"start":{"line":19,"column":7},"end":{"line":19,"column":null}},"6":{"start":{"line":19,"column":13},"end":{"line":19,"column":null}},"7":{"start":{"line":19,"column":13},"end":{"line":19,"column":22}}},"fnMap":{},"branchMap":{},"s":{"0":2,"1":2,"2":2,"3":2,"4":2,"5":2,"6":2,"7":2},"f":{},"b":{}}
,"/Users/mrshaq/pinginc/core-interview-public/src/main.ts": {"path":"/Users/mrshaq/pinginc/core-interview-public/src/main.ts","statementMap":{"0":{"start":{"line":9,"column":0},"end":{"line":9,"column":48}},"1":{"start":{"line":10,"column":0},"end":{"line":10,"column":43}},"2":{"start":{"line":11,"column":0},"end":{"line":11,"column":65}},"3":{"start":{"line":13,"column":0},"end":{"line":13,"column":41}},"4":{"start":{"line":16,"column":16},"end":{"line":16,"column":51}},"5":{"start":{"line":17,"column":4},"end":{"line":17,"column":64}},"6":{"start":{"line":18,"column":19},"end":{"line":22,"column":16}},"7":{"start":{"line":23,"column":21},"end":{"line":23,"column":62}},"8":{"start":{"line":24,"column":4},"end":{"line":24,"column":46}},"9":{"start":{"line":25,"column":4},"end":{"line":25,"column":27}},"10":{"start":{"line":27,"column":0},"end":{"line":27,"column":12}}},"fnMap":{"0":{"name":"bootstrap","decl":{"start":{"line":15,"column":15},"end":{"line":15,"column":24}},"loc":{"start":{"line":15,"column":24},"end":{"line":26,"column":1}}}},"branchMap":{},"s":{"0":0,"1":0,"2":0,"3":0,"4":0,"5":0,"6":0,"7":0,"8":0,"9":0,"10":0},"f":{"0":0},"b":{}}
,"/Users/mrshaq/pinginc/core-interview-public/src/client/client.controller.ts": {"path":"/Users/mrshaq/pinginc/core-interview-public/src/client/client.controller.ts","statementMap":{"0":{"start":{"line":11,"column":0},"end":{"line":11,"column":null}},"1":{"start":{"line":24,"column":0},"end":{"line":24,"column":70}},"2":{"start":{"line":25,"column":0},"end":{"line":25,"column":49}},"3":{"start":{"line":26,"column":0},"end":{"line":26,"column":50}},"4":{"start":{"line":27,"column":0},"end":{"line":27,"column":69}},"5":{"start":{"line":28,"column":0},"end":{"line":28,"column":69}},"6":{"start":{"line":32,"column":7},"end":{"line":67,"column":null}},"7":{"start":{"line":33,"column":33},"end":{"line":33,"column":48}},"8":{"start":{"line":37,"column":8},"end":{"line":42,"column":null}},"9":{"start":{"line":38,"column":12},"end":{"line":38,"column":60}},"10":{"start":{"line":40,"column":12},"end":{"line":40,"column":69}},"11":{"start":{"line":41,"column":12},"end":{"line":41,"column":53}},"12":{"start":{"line":47,"column":8},"end":{"line":57,"column":null}},"13":{"start":{"line":48,"column":12},"end":{"line":48,"column":64}},"14":{"start":{"line":50,"column":12},"end":{"line":56,"column":null}},"15":{"start":{"line":51,"column":16},"end":{"line":51,"column":64}},"16":{"start":{"line":52,"column":16},"end":{"line":52,"column":46}},"17":{"start":{"line":54,"column":16},"end":{"line":54,"column":70}},"18":{"start":{"line":55,"column":16},"end":{"line":55,"column":57}},"19":{"start":{"line":65,"column":8},"end":{"line":65,"column":44}},"20":{"start":{"line":36,"column":10},"end":{"line":43,"column":null}},"21":{"start":{"line":46,"column":10},"end":{"line":58,"column":null}},"22":{"start":{"line":61,"column":10},"end":{"line":66,"column":null}},"23":{"start":{"line":32,"column":13},"end":{"line":67,"column":null}},"24":{"start":{"line":32,"column":13},"end":{"line":32,"column":29}}},"fnMap":{"0":{"name":"(anonymous_4)","decl":{"start":{"line":33,"column":4},"end":{"line":33,"column":33}},"loc":{"start":{"line":33,"column":61},"end":{"line":33,"column":65}}},"1":{"name":"(anonymous_5)","decl":{"start":{"line":36,"column":4},"end":{"line":36,"column":9}},"loc":{"start":{"line":36,"column":55},"end":{"line":43,"column":5}}},"2":{"name":"(anonymous_6)","decl":{"start":{"line":46,"column":4},"end":{"line":46,"column":9}},"loc":{"start":{"line":46,"column":43},"end":{"line":58,"column":5}}},"3":{"name":"(anonymous_7)","decl":{"start":{"line":61,"column":4},"end":{"line":61,"column":9}},"loc":{"start":{"line":61,"column":54},"end":{"line":66,"column":5}}}},"branchMap":{"0":{"loc":{"start":{"line":50,"column":12},"end":{"line":56,"column":null}},"type":"if","locations":[{"start":{"line":50,"column":12},"end":{"line":56,"column":null}},{"start":{"line":53,"column":19},"end":{"line":56,"column":null}}]}},"s":{"0":2,"1":2,"2":2,"3":2,"4":2,"5":2,"6":2,"7":7,"8":0,"9":0,"10":0,"11":0,"12":0,"13":0,"14":0,"15":0,"16":0,"17":0,"18":0,"19":0,"20":2,"21":2,"22":2,"23":2,"24":2},"f":{"0":7,"1":0,"2":0,"3":0},"b":{"0":[0,0]}}
,"/Users/mrshaq/pinginc/core-interview-public/src/client/client.module.ts": {"path":"/Users/mrshaq/pinginc/core-interview-public/src/client/client.module.ts","statementMap":{"0":{"start":{"line":9,"column":0},"end":{"line":9,"column":40}},"1":{"start":{"line":11,"column":0},"end":{"line":11,"column":55}},"2":{"start":{"line":12,"column":0},"end":{"line":12,"column":55}},"3":{"start":{"line":13,"column":0},"end":{"line":13,"column":49}},"4":{"start":{"line":19,"column":7},"end":{"line":19,"column":null}},"5":{"start":{"line":19,"column":13},"end":{"line":19,"column":null}},"6":{"start":{"line":19,"column":13},"end":{"line":19,"column":25}}},"fnMap":{},"branchMap":{},"s":{"0":2,"1":2,"2":2,"3":2,"4":2,"5":2,"6":2},"f":{},"b":{}}
,"/Users/mrshaq/pinginc/core-interview-public/src/client/client.repository.ts": {"path":"/Users/mrshaq/pinginc/core-interview-public/src/client/client.repository.ts","statementMap":{"0":{"start":{"line":11,"column":0},"end":{"line":11,"column":77}},"1":{"start":{"line":14,"column":0},"end":{"line":14,"column":63}},"2":{"start":{"line":18,"column":7},"end":{"line":48,"column":null}},"3":{"start":{"line":20,"column":8},"end":{"line":20,"column":71}},"4":{"start":{"line":26,"column":29},"end":{"line":26,"column":66}},"5":{"start":{"line":28,"column":8},"end":{"line":30,"column":null}},"6":{"start":{"line":29,"column":12},"end":{"line":29,"column":29}},"7":{"start":{"line":32,"column":8},"end":{"line":32,"column":52}},"8":{"start":{"line":33,"column":8},"end":{"line":33,"column":28}},"9":{"start":{"line":37,"column":8},"end":{"line":37,"column":44}},"10":{"start":{"line":46,"column":8},"end":{"line":46,"column":44}},"11":{"start":{"line":18,"column":13},"end":{"line":48,"column":null}},"12":{"start":{"line":18,"column":13},"end":{"line":18,"column":29}}},"fnMap":{"0":{"name":"(anonymous_2)","decl":{"start":{"line":19,"column":4},"end":{"line":19,"column":16}},"loc":{"start":{"line":19,"column":48},"end":{"line":21,"column":5}}},"1":{"name":"(anonymous_3)","decl":{"start":{"line":25,"column":4},"end":{"line":25,"column":9}},"loc":{"start":{"line":25,"column":40},"end":{"line":34,"column":5}}},"2":{"name":"(anonymous_4)","decl":{"start":{"line":36,"column":4},"end":{"line":36,"column":12}},"loc":{"start":{"line":36,"column":35},"end":{"line":38,"column":5}}},"3":{"name":"(anonymous_5)","decl":{"start":{"line":40,"column":4},"end":{"line":40,"column":9}},"loc":{"start":{"line":40,"column":38},"end":{"line":47,"column":5}}}},"branchMap":{"0":{"loc":{"start":{"line":28,"column":8},"end":{"line":30,"column":null}},"type":"if","locations":[{"start":{"line":28,"column":8},"end":{"line":30,"column":null}}]}},"s":{"0":2,"1":2,"2":2,"3":7,"4":2,"5":2,"6":1,"7":1,"8":1,"9":0,"10":0,"11":2,"12":2},"f":{"0":7,"1":2,"2":0,"3":0},"b":{"0":[1]}}
,"/Users/mrshaq/pinginc/core-interview-public/src/client/client.service.ts": {"path":"/Users/mrshaq/pinginc/core-interview-public/src/client/client.service.ts","statementMap":{"0":{"start":{"line":9,"column":0},"end":{"line":9,"column":77}},"1":{"start":{"line":10,"column":0},"end":{"line":10,"column":35}},"2":{"start":{"line":12,"column":0},"end":{"line":12,"column":70}},"3":{"start":{"line":13,"column":0},"end":{"line":13,"column":55}},"4":{"start":{"line":17,"column":0},"end":{"line":17,"column":48}},"5":{"start":{"line":20,"column":7},"end":{"line":79,"column":null}},"6":{"start":{"line":21,"column":34},"end":{"line":21,"column":36}},"7":{"start":{"line":23,"column":33},"end":{"line":23,"column":51}},"8":{"start":{"line":32,"column":29},"end":{"line":32,"column":87}},"9":{"start":{"line":34,"column":8},"end":{"line":36,"column":null}},"10":{"start":{"line":35,"column":12},"end":{"line":35,"column":44}},"11":{"start":{"line":38,"column":8},"end":{"line":38,"column":64}},"12":{"start":{"line":39,"column":8},"end":{"line":39,"column":28}},"13":{"start":{"line":53,"column":8},"end":{"line":53,"column":44}},"14":{"start":{"line":63,"column":24},"end":{"line":74,"column":10}},"15":{"start":{"line":64,"column":27},"end":{"line":64,"column":39}},"16":{"start":{"line":66,"column":12},"end":{"line":66,"column":40}},"17":{"start":{"line":67,"column":12},"end":{"line":67,"column":53}},"18":{"start":{"line":68,"column":12},"end":{"line":68,"column":53}},"19":{"start":{"line":69,"column":12},"end":{"line":69,"column":41}},"20":{"start":{"line":70,"column":12},"end":{"line":70,"column":55}},"21":{"start":{"line":71,"column":12},"end":{"line":71,"column":61}},"22":{"start":{"line":73,"column":12},"end":{"line":73,"column":26}},"23":{"start":{"line":76,"column":8},"end":{"line":76,"column":56}},"24":{"start":{"line":77,"column":8},"end":{"line":77,"column":76}},"25":{"start":{"line":20,"column":13},"end":{"line":79,"column":null}},"26":{"start":{"line":20,"column":13},"end":{"line":20,"column":26}}},"fnMap":{"0":{"name":"(anonymous_2)","decl":{"start":{"line":23,"column":4},"end":{"line":23,"column":33}},"loc":{"start":{"line":23,"column":67},"end":{"line":23,"column":71}}},"1":{"name":"(anonymous_3)","decl":{"start":{"line":31,"column":4},"end":{"line":31,"column":9}},"loc":{"start":{"line":31,"column":41},"end":{"line":40,"column":5}}},"2":{"name":"(anonymous_4)","decl":{"start":{"line":49,"column":4},"end":{"line":49,"column":9}},"loc":{"start":{"line":49,"column":46},"end":{"line":54,"column":5}}},"3":{"name":"(anonymous_5)","decl":{"start":{"line":62,"column":4},"end":{"line":62,"column":9}},"loc":{"start":{"line":62,"column":46},"end":{"line":78,"column":5}}},"4":{"name":"(anonymous_6)","decl":{"start":{"line":63,"column":40},"end":{"line":63,"column":41}},"loc":{"start":{"line":63,"column":54},"end":{"line":74,"column":9}}}},"branchMap":{"0":{"loc":{"start":{"line":34,"column":8},"end":{"line":36,"column":null}},"type":"if","locations":[{"start":{"line":34,"column":8},"end":{"line":36,"column":null}}]}},"s":{"0":2,"1":2,"2":2,"3":2,"4":2,"5":2,"6":7,"7":7,"8":2,"9":2,"10":1,"11":1,"12":1,"13":0,"14":1,"15":1,"16":1,"17":1,"18":1,"19":1,"20":1,"21":1,"22":1,"23":1,"24":1,"25":2,"26":2},"f":{"0":7,"1":2,"2":0,"3":1,"4":1},"b":{"0":[1]}}
,"/Users/mrshaq/pinginc/core-interview-public/src/client/dto/client-id.dto.ts": {"path":"/Users/mrshaq/pinginc/core-interview-public/src/client/dto/client-id.dto.ts","statementMap":{"0":{"start":{"line":9,"column":0},"end":{"line":9,"column":52}},"1":{"start":{"line":10,"column":0},"end":{"line":10,"column":35}},"2":{"start":{"line":12,"column":0},"end":{"line":12,"column":72}},"3":{"start":{"line":13,"column":0},"end":{"line":13,"column":57}},"4":{"start":{"line":16,"column":4},"end":{"line":19,"column":null}},"5":{"start":{"line":18,"column":16},"end":{"line":18,"column":24}},"6":{"start":{"line":15,"column":0},"end":{"line":15,"column":13}}},"fnMap":{"0":{"name":"(anonymous_2)","decl":{"start":{"line":18,"column":10},"end":{"line":18,"column":13}},"loc":{"start":{"line":18,"column":16},"end":{"line":18,"column":24}}}},"branchMap":{},"s":{"0":2,"1":2,"2":2,"3":2,"4":2,"5":0,"6":2},"f":{"0":0},"b":{}}
,"/Users/mrshaq/pinginc/core-interview-public/src/client/dto/import-many-clients.dto.ts": {"path":"/Users/mrshaq/pinginc/core-interview-public/src/client/dto/import-many-clients.dto.ts","statementMap":{"0":{"start":{"line":8,"column":0},"end":{"line":8,"column":41}},"1":{"start":{"line":9,"column":0},"end":{"line":9,"column":49}},"2":{"start":{"line":11,"column":0},"end":{"line":11,"column":61}},"3":{"start":{"line":15,"column":4},"end":{"line":17,"column":null}},"4":{"start":{"line":16,"column":16},"end":{"line":16,"column":34}},"5":{"start":{"line":13,"column":0},"end":{"line":13,"column":13}}},"fnMap":{"0":{"name":"(anonymous_2)","decl":{"start":{"line":16,"column":10},"end":{"line":16,"column":13}},"loc":{"start":{"line":16,"column":16},"end":{"line":16,"column":34}}}},"branchMap":{},"s":{"0":2,"1":2,"2":2,"3":2,"4":0,"5":2},"f":{"0":0},"b":{}}
,"/Users/mrshaq/pinginc/core-interview-public/src/client/dto/import-one-client.dto.ts": {"path":"/Users/mrshaq/pinginc/core-interview-public/src/client/dto/import-one-client.dto.ts","statementMap":{"0":{"start":{"line":8,"column":0},"end":{"line":8,"column":52}},"1":{"start":{"line":9,"column":0},"end":{"line":9,"column":55}},"2":{"start":{"line":10,"column":0},"end":{"line":10,"column":35}},"3":{"start":{"line":12,"column":0},"end":{"line":12,"column":72}},"4":{"start":{"line":13,"column":0},"end":{"line":13,"column":57}},"5":{"start":{"line":17,"column":4},"end":{"line":19,"column":null}},"6":{"start":{"line":22,"column":4},"end":{"line":25,"column":null}},"7":{"start":{"line":24,"column":16},"end":{"line":24,"column":24}},"8":{"start":{"line":28,"column":4},"end":{"line":30,"column":null}},"9":{"start":{"line":33,"column":4},"end":{"line":34,"column":null}},"10":{"start":{"line":15,"column":0},"end":{"line":15,"column":13}}},"fnMap":{"0":{"name":"(anonymous_2)","decl":{"start":{"line":24,"column":10},"end":{"line":24,"column":13}},"loc":{"start":{"line":24,"column":16},"end":{"line":24,"column":24}}}},"branchMap":{},"s":{"0":2,"1":2,"2":2,"3":2,"4":2,"5":2,"6":2,"7":0,"8":2,"9":2,"10":2},"f":{"0":0},"b":{}}
,"/Users/mrshaq/pinginc/core-interview-public/src/client/dto/search-many-clients.dto.ts": {"path":"/Users/mrshaq/pinginc/core-interview-public/src/client/dto/search-many-clients.dto.ts","statementMap":{"0":{"start":{"line":8,"column":0},"end":{"line":8,"column":83}},"1":{"start":{"line":11,"column":4},"end":{"line":13,"column":null}},"2":{"start":{"line":15,"column":4},"end":{"line":19,"column":null}},"3":{"start":{"line":10,"column":0},"end":{"line":10,"column":13}}},"fnMap":{},"branchMap":{},"s":{"0":2,"1":2,"2":2,"3":2},"f":{},"b":{}}
,"/Users/mrshaq/pinginc/core-interview-public/src/client/entity/client.entity.ts": {"path":"/Users/mrshaq/pinginc/core-interview-public/src/client/entity/client.entity.ts","statementMap":{"0":{"start":{"line":11,"column":0},"end":{"line":11,"column":13}}},"fnMap":{},"branchMap":{},"s":{"0":2},"f":{},"b":{}}
,"/Users/mrshaq/pinginc/core-interview-public/src/config/config.module.ts": {"path":"/Users/mrshaq/pinginc/core-interview-public/src/config/config.module.ts","statementMap":{"0":{"start":{"line":9,"column":0},"end":{"line":9,"column":63}},"1":{"start":{"line":10,"column":0},"end":{"line":10,"column":28}},"2":{"start":{"line":11,"column":0},"end":{"line":11,"column":31}},"3":{"start":{"line":12,"column":0},"end":{"line":12,"column":30}},"4":{"start":{"line":14,"column":0},"end":{"line":14,"column":34}},"5":{"start":{"line":18,"column":25},"end":{"line":112,"column":null}},"6":{"start":{"line":20,"column":8},"end":{"line":23,"column":null}},"7":{"start":{"line":21,"column":33},"end":{"line":21,"column":71}},"8":{"start":{"line":22,"column":12},"end":{"line":22,"column":50}},"9":{"start":{"line":25,"column":8},"end":{"line":56,"column":10}},"10":{"start":{"line":33,"column":44},"end":{"line":33,"column":60}},"11":{"start":{"line":34,"column":24},"end":{"line":36,"column":null}},"12":{"start":{"line":35,"column":28},"end":{"line":35,"column":82}},"13":{"start":{"line":38,"column":37},"end":{"line":38,"column":68}},"14":{"start":{"line":39,"column":24},"end":{"line":41,"column":null}},"15":{"start":{"line":40,"column":28},"end":{"line":40,"column":76}},"16":{"start":{"line":43,"column":41},"end":{"line":43,"column":63}},"17":{"start":{"line":44,"column":24},"end":{"line":46,"column":null}},"18":{"start":{"line":45,"column":28},"end":{"line":45,"column":85}},"19":{"start":{"line":48,"column":39},"end":{"line":48,"column":51}},"20":{"start":{"line":49,"column":24},"end":{"line":49,"column":49}},"21":{"start":{"line":50,"column":24},"end":{"line":50,"column":43}},"22":{"start":{"line":51,"column":24},"end":{"line":51,"column":51}},"23":{"start":{"line":52,"column":24},"end":{"line":52,"column":38}},"24":{"start":{"line":62,"column":8},"end":{"line":68,"column":null}},"25":{"start":{"line":63,"column":12},"end":{"line":63,"column":39}},"26":{"start":{"line":64,"column":15},"end":{"line":68,"column":null}},"27":{"start":{"line":65,"column":12},"end":{"line":65,"column":25}},"28":{"start":{"line":67,"column":12},"end":{"line":67,"column":25}},"29":{"start":{"line":70,"column":8},"end":{"line":72,"column":null}},"30":{"start":{"line":71,"column":12},"end":{"line":71,"column":25}},"31":{"start":{"line":74,"column":8},"end":{"line":76,"column":null}},"32":{"start":{"line":75,"column":12},"end":{"line":75,"column":25}},"33":{"start":{"line":78,"column":8},"end":{"line":78,"column":20}},"34":{"start":{"line":82,"column":8},"end":{"line":84,"column":null}},"35":{"start":{"line":83,"column":12},"end":{"line":83,"column":25}},"36":{"start":{"line":88,"column":8},"end":{"line":92,"column":null}},"37":{"start":{"line":89,"column":12},"end":{"line":89,"column":36}},"38":{"start":{"line":91,"column":12},"end":{"line":91,"column":25}},"39":{"start":{"line":94,"column":8},"end":{"line":96,"column":null}},"40":{"start":{"line":95,"column":12},"end":{"line":95,"column":25}},"41":{"start":{"line":98,"column":8},"end":{"line":98,"column":20}},"42":{"start":{"line":102,"column":8},"end":{"line":104,"column":null}},"43":{"start":{"line":103,"column":12},"end":{"line":103,"column":25}},"44":{"start":{"line":106,"column":8},"end":{"line":106,"column":45}},"45":{"start":{"line":110,"column":8},"end":{"line":110,"column":93}},"46":{"start":{"line":18,"column":13},"end":{"line":112,"column":null}},"47":{"start":{"line":18,"column":13},"end":{"line":18,"column":25}}},"fnMap":{"0":{"name":"(anonymous_2)","decl":{"start":{"line":19,"column":4},"end":{"line":19,"column":10}},"loc":{"start":{"line":19,"column":18},"end":{"line":57,"column":5}}},"1":{"name":"(anonymous_3)","decl":{"start":{"line":32,"column":32},"end":{"line":32,"column":35}},"loc":{"start":{"line":32,"column":37},"end":{"line":53,"column":21}}},"2":{"name":"(anonymous_4)","decl":{"start":{"line":59,"column":4},"end":{"line":59,"column":10}},"loc":{"start":{"line":59,"column":38},"end":{"line":79,"column":5}}},"3":{"name":"(anonymous_5)","decl":{"start":{"line":81,"column":4},"end":{"line":81,"column":10}},"loc":{"start":{"line":81,"column":45},"end":{"line":99,"column":5}}},"4":{"name":"(anonymous_6)","decl":{"start":{"line":101,"column":4},"end":{"line":101,"column":10}},"loc":{"start":{"line":101,"column":35},"end":{"line":107,"column":5}}},"5":{"name":"(anonymous_7)","decl":{"start":{"line":109,"column":4},"end":{"line":109,"column":10}},"loc":{"start":{"line":109,"column":75},"end":{"line":111,"column":5}}}},"branchMap":{"0":{"loc":{"start":{"line":20,"column":8},"end":{"line":23,"column":null}},"type":"if","locations":[{"start":{"line":20,"column":8},"end":{"line":23,"column":null}}]},"1":{"loc":{"start":{"line":33,"column":44},"end":{"line":33,"column":60}},"type":"binary-expr","locations":[{"start":{"line":33,"column":44},"end":{"line":33,"column":54}},{"start":{"line":33,"column":58},"end":{"line":33,"column":60}}]},"2":{"loc":{"start":{"line":34,"column":24},"end":{"line":36,"column":null}},"type":"if","locations":[{"start":{"line":34,"column":24},"end":{"line":36,"column":null}}]},"3":{"loc":{"start":{"line":38,"column":46},"end":{"line":38,"column":63}},"type":"binary-expr","locations":[{"start":{"line":38,"column":46},"end":{"line":38,"column":57}},{"start":{"line":38,"column":61},"end":{"line":38,"column":63}}]},"4":{"loc":{"start":{"line":39,"column":24},"end":{"line":41,"column":null}},"type":"if","locations":[{"start":{"line":39,"column":24},"end":{"line":41,"column":null}}]},"5":{"loc":{"start":{"line":43,"column":41},"end":{"line":43,"column":63}},"type":"binary-expr","locations":[{"start":{"line":43,"column":41},"end":{"line":43,"column":57}},{"start":{"line":43,"column":61},"end":{"line":43,"column":63}}]},"6":{"loc":{"start":{"line":44,"column":24},"end":{"line":46,"column":null}},"type":"if","locations":[{"start":{"line":44,"column":24},"end":{"line":46,"column":null}}]},"7":{"loc":{"start":{"line":62,"column":8},"end":{"line":68,"column":null}},"type":"if","locations":[{"start":{"line":62,"column":8},"end":{"line":68,"column":null}},{"start":{"line":64,"column":15},"end":{"line":68,"column":null}}]},"8":{"loc":{"start":{"line":64,"column":15},"end":{"line":68,"column":null}},"type":"if","locations":[{"start":{"line":64,"column":15},"end":{"line":68,"column":null}},{"start":{"line":66,"column":15},"end":{"line":68,"column":null}}]},"9":{"loc":{"start":{"line":70,"column":8},"end":{"line":72,"column":null}},"type":"if","locations":[{"start":{"line":70,"column":8},"end":{"line":72,"column":null}}]},"10":{"loc":{"start":{"line":70,"column":12},"end":{"line":70,"column":42}},"type":"binary-expr","locations":[{"start":{"line":70,"column":12},"end":{"line":70,"column":23}},{"start":{"line":70,"column":27},"end":{"line":70,"column":42}}]},"11":{"loc":{"start":{"line":74,"column":8},"end":{"line":76,"column":null}},"type":"if","locations":[{"start":{"line":74,"column":8},"end":{"line":76,"column":null}}]},"12":{"loc":{"start":{"line":74,"column":12},"end":{"line":74,"column":36}},"type":"binary-expr","locations":[{"start":{"line":74,"column":12},"end":{"line":74,"column":20}},{"start":{"line":74,"column":24},"end":{"line":74,"column":36}}]},"13":{"loc":{"start":{"line":82,"column":8},"end":{"line":84,"column":null}},"type":"if","locations":[{"start":{"line":82,"column":8},"end":{"line":84,"column":null}}]},"14":{"loc":{"start":{"line":94,"column":8},"end":{"line":96,"column":null}},"type":"if","locations":[{"start":{"line":94,"column":8},"end":{"line":96,"column":null}}]},"15":{"loc":{"start":{"line":102,"column":8},"end":{"line":104,"column":null}},"type":"if","locations":[{"start":{"line":102,"column":8},"end":{"line":104,"column":null}}]}},"s":{"0":3,"1":3,"2":3,"3":3,"4":3,"5":3,"6":2,"7":2,"8":2,"9":2,"10":7,"11":7,"12":0,"13":7,"14":7,"15":0,"16":7,"17":7,"18":0,"19":7,"20":7,"21":7,"22":7,"23":7,"24":17,"25":5,"26":12,"27":11,"28":1,"29":16,"30":4,"31":12,"32":2,"33":10,"34":12,"35":1,"36":11,"37":11,"38":1,"39":10,"40":1,"41":9,"42":7,"43":0,"44":7,"45":0,"46":3,"47":3},"f":{"0":2,"1":7,"2":17,"3":12,"4":7,"5":0},"b":{"0":[2],"1":[7,0],"2":[0],"3":[7,0],"4":[0],"5":[7,0],"6":[0],"7":[5,12],"8":[11,1],"9":[4],"10":[16,13],"11":[2],"12":[12,11],"13":[1],"14":[1],"15":[0]}}
,"/Users/mrshaq/pinginc/core-interview-public/src/config/config.ts": {"path":"/Users/mrshaq/pinginc/core-interview-public/src/config/config.ts","statementMap":{"0":{"start":{"line":9,"column":0},"end":{"line":9,"column":13}}},"fnMap":{},"branchMap":{},"s":{"0":3},"f":{},"b":{}}
,"/Users/mrshaq/pinginc/core-interview-public/src/database/database.module.ts": {"path":"/Users/mrshaq/pinginc/core-interview-public/src/database/database.module.ts","statementMap":{"0":{"start":{"line":8,"column":0},"end":{"line":8,"column":63}},"1":{"start":{"line":9,"column":0},"end":{"line":9,"column":38}},"2":{"start":{"line":11,"column":0},"end":{"line":11,"column":42}},"3":{"start":{"line":12,"column":0},"end":{"line":12,"column":53}},"4":{"start":{"line":30,"column":27},"end":{"line":59,"column":null}},"5":{"start":{"line":32,"column":8},"end":{"line":57,"column":10}},"6":{"start":{"line":43,"column":24},"end":{"line":48,"column":null}},"7":{"start":{"line":44,"column":28},"end":{"line":44,"column":86}},"8":{"start":{"line":47,"column":28},"end":{"line":47,"column":55}},"9":{"start":{"line":50,"column":39},"end":{"line":50,"column":74}},"10":{"start":{"line":51,"column":24},"end":{"line":51,"column":73}},"11":{"start":{"line":52,"column":24},"end":{"line":52,"column":38}},"12":{"start":{"line":30,"column":13},"end":{"line":59,"column":null}},"13":{"start":{"line":30,"column":13},"end":{"line":30,"column":27}}},"fnMap":{"0":{"name":"(anonymous_1)","decl":{"start":{"line":31,"column":4},"end":{"line":31,"column":10}},"loc":{"start":{"line":31,"column":18},"end":{"line":58,"column":5}}},"1":{"name":"(anonymous_2)","decl":{"start":{"line":40,"column":32},"end":{"line":40,"column":37}},"loc":{"start":{"line":40,"column":79},"end":{"line":53,"column":21}}}},"branchMap":{},"s":{"0":2,"1":2,"2":2,"3":2,"4":2,"5":2,"6":7,"7":7,"8":0,"9":7,"10":7,"11":7,"12":2,"13":2},"f":{"0":2,"1":7},"b":{}}
,"/Users/mrshaq/pinginc/core-interview-public/src/database/database.service.ts": {"path":"/Users/mrshaq/pinginc/core-interview-public/src/database/database.service.ts","statementMap":{"0":{"start":{"line":8,"column":0},"end":{"line":8,"column":67}},"1":{"start":{"line":9,"column":0},"end":{"line":9,"column":64}},"2":{"start":{"line":15,"column":51},"end":{"line":15,"column":59}},"3":{"start":{"line":16,"column":62},"end":{"line":16,"column":83}},"4":{"start":{"line":17,"column":66},"end":{"line":17,"column":91}},"5":{"start":{"line":20,"column":19},"end":{"line":20,"column":30}},"6":{"start":{"line":21,"column":36},"end":{"line":21,"column":72}},"7":{"start":{"line":22,"column":33},"end":{"line":23,"column":null}},"8":{"start":{"line":23,"column":28},"end":{"line":23,"column":84}},"9":{"start":{"line":26,"column":8},"end":{"line":28,"column":null}},"10":{"start":{"line":27,"column":12},"end":{"line":27,"column":76}},"11":{"start":{"line":30,"column":27},"end":{"line":30,"column":95}},"12":{"start":{"line":32,"column":34},"end":{"line":32,"column":111}},"13":{"start":{"line":33,"column":8},"end":{"line":44,"column":null}},"14":{"start":{"line":34,"column":12},"end":{"line":43,"column":14}},"15":{"start":{"line":46,"column":38},"end":{"line":46,"column":119}},"16":{"start":{"line":47,"column":8},"end":{"line":58,"column":null}},"17":{"start":{"line":48,"column":12},"end":{"line":57,"column":14}},"18":{"start":{"line":63,"column":25},"end":{"line":63,"column":33}},"19":{"start":{"line":64,"column":8},"end":{"line":64,"column":30}},"20":{"start":{"line":68,"column":8},"end":{"line":68,"column":53}},"21":{"start":{"line":72,"column":8},"end":{"line":72,"column":34}},"22":{"start":{"line":14,"column":13},"end":{"line":74,"column":null}},"23":{"start":{"line":14,"column":13},"end":{"line":14,"column":28}}},"fnMap":{"0":{"name":"(anonymous_2)","decl":{"start":{"line":19,"column":4},"end":{"line":19,"column":10}},"loc":{"start":{"line":19,"column":55},"end":{"line":59,"column":5}}},"1":{"name":"(anonymous_3)","decl":{"start":{"line":23,"column":12},"end":{"line":23,"column":13}},"loc":{"start":{"line":23,"column":28},"end":{"line":23,"column":84}}},"2":{"name":"(anonymous_4)","decl":{"start":{"line":63,"column":4},"end":{"line":63,"column":25}},"loc":{"start":{"line":63,"column":44},"end":{"line":65,"column":5}}},"3":{"name":"(anonymous_5)","decl":{"start":{"line":67,"column":4},"end":{"line":67,"column":14}},"loc":{"start":{"line":67,"column":57},"end":{"line":69,"column":5}}},"4":{"name":"(anonymous_6)","decl":{"start":{"line":71,"column":4},"end":{"line":71,"column":9}},"loc":{"start":{"line":71,"column":31},"end":{"line":73,"column":5}}}},"branchMap":{"0":{"loc":{"start":{"line":26,"column":8},"end":{"line":28,"column":null}},"type":"if","locations":[{"start":{"line":26,"column":8},"end":{"line":28,"column":null}}]},"1":{"loc":{"start":{"line":33,"column":8},"end":{"line":44,"column":null}},"type":"if","locations":[{"start":{"line":33,"column":8},"end":{"line":44,"column":null}}]},"2":{"loc":{"start":{"line":47,"column":8},"end":{"line":58,"column":null}},"type":"if","locations":[{"start":{"line":47,"column":8},"end":{"line":58,"column":null}}]}},"s":{"0":2,"1":2,"2":2,"3":2,"4":2,"5":7,"6":7,"7":7,"8":5,"9":7,"10":2,"11":7,"12":7,"13":7,"14":2,"15":7,"16":7,"17":2,"18":7,"19":7,"20":7,"21":7,"22":2,"23":2},"f":{"0":7,"1":5,"2":7,"3":7,"4":7},"b":{"0":[2],"1":[2],"2":[2]}}
,"/Users/mrshaq/pinginc/core-interview-public/src/error/object-not-found.error.ts": {"path":"/Users/mrshaq/pinginc/core-interview-public/src/error/object-not-found.error.ts","statementMap":{"0":{"start":{"line":10,"column":8},"end":{"line":10,"column":34}},"1":{"start":{"line":11,"column":8},"end":{"line":11,"column":43}},"2":{"start":{"line":8,"column":0},"end":{"line":8,"column":13}}},"fnMap":{"0":{"name":"(anonymous_0)","decl":{"start":{"line":9,"column":4},"end":{"line":9,"column":null}},"loc":{"start":{"line":9,"column":4},"end":{"line":12,"column":5}}}},"branchMap":{},"s":{"0":1,"1":1,"2":2},"f":{"0":1},"b":{}}
,"/Users/mrshaq/pinginc/core-interview-public/src/health/health.controller.ts": {"path":"/Users/mrshaq/pinginc/core-interview-public/src/health/health.controller.ts","statementMap":{"0":{"start":{"line":9,"column":0},"end":{"line":9,"column":87}},"1":{"start":{"line":12,"column":0},"end":{"line":12,"column":49}},"2":{"start":{"line":15,"column":7},"end":{"line":27,"column":null}},"3":{"start":{"line":16,"column":33},"end":{"line":16,"column":48}},"4":{"start":{"line":20,"column":8},"end":{"line":25,"column":null}},"5":{"start":{"line":21,"column":12},"end":{"line":21,"column":56}},"6":{"start":{"line":23,"column":12},"end":{"line":23,"column":60}},"7":{"start":{"line":24,"column":12},"end":{"line":24,"column":53}},"8":{"start":{"line":19,"column":10},"end":{"line":26,"column":null}},"9":{"start":{"line":15,"column":13},"end":{"line":27,"column":null}},"10":{"start":{"line":15,"column":13},"end":{"line":15,"column":29}}},"fnMap":{"0":{"name":"(anonymous_2)","decl":{"start":{"line":16,"column":4},"end":{"line":16,"column":33}},"loc":{"start":{"line":16,"column":61},"end":{"line":16,"column":65}}},"1":{"name":"(anonymous_3)","decl":{"start":{"line":19,"column":4},"end":{"line":19,"column":9}},"loc":{"start":{"line":19,"column":19},"end":{"line":26,"column":5}}}},"branchMap":{},"s":{"0":3,"1":3,"2":3,"3":9,"4":0,"5":0,"6":0,"7":0,"8":3,"9":3,"10":3},"f":{"0":9,"1":0},"b":{}}
,"/Users/mrshaq/pinginc/core-interview-public/src/health/health.module.ts": {"path":"/Users/mrshaq/pinginc/core-interview-public/src/health/health.module.ts","statementMap":{"0":{"start":{"line":9,"column":0},"end":{"line":9,"column":40}},"1":{"start":{"line":11,"column":0},"end":{"line":11,"column":55}},"2":{"start":{"line":12,"column":0},"end":{"line":12,"column":49}},"3":{"start":{"line":18,"column":7},"end":{"line":18,"column":null}},"4":{"start":{"line":18,"column":13},"end":{"line":18,"column":null}},"5":{"start":{"line":18,"column":13},"end":{"line":18,"column":25}}},"fnMap":{},"branchMap":{},"s":{"0":3,"1":3,"2":3,"3":3,"4":3,"5":3},"f":{},"b":{}}
,"/Users/mrshaq/pinginc/core-interview-public/src/health/health.service.ts": {"path":"/Users/mrshaq/pinginc/core-interview-public/src/health/health.service.ts","statementMap":{"0":{"start":{"line":9,"column":0},"end":{"line":9,"column":44}},"1":{"start":{"line":11,"column":0},"end":{"line":11,"column":45}},"2":{"start":{"line":14,"column":7},"end":{"line":24,"column":null}},"3":{"start":{"line":15,"column":13},"end":{"line":15,"column":28}},"4":{"start":{"line":18,"column":8},"end":{"line":18,"column":35}},"5":{"start":{"line":22,"column":8},"end":{"line":22,"column":27}},"6":{"start":{"line":14,"column":13},"end":{"line":24,"column":null}},"7":{"start":{"line":14,"column":13},"end":{"line":14,"column":26}}},"fnMap":{"0":{"name":"(anonymous_2)","decl":{"start":{"line":17,"column":4},"end":{"line":17,"column":null}},"loc":{"start":{"line":17,"column":4},"end":{"line":19,"column":5}}},"1":{"name":"(anonymous_3)","decl":{"start":{"line":21,"column":4},"end":{"line":21,"column":9}},"loc":{"start":{"line":21,"column":19},"end":{"line":23,"column":5}}}},"branchMap":{},"s":{"0":3,"1":3,"2":3,"3":9,"4":9,"5":1,"6":3,"7":3},"f":{"0":9,"1":1},"b":{}}
,"/Users/mrshaq/pinginc/core-interview-public/src/health/dto/health.dto.ts": {"path":"/Users/mrshaq/pinginc/core-interview-public/src/health/dto/health.dto.ts","statementMap":{"0":{"start":{"line":9,"column":0},"end":{"line":9,"column":13}}},"fnMap":{},"branchMap":{},"s":{"0":3},"f":{},"b":{}}
,"/Users/mrshaq/pinginc/core-interview-public/src/transform/object-id-transform.ts": {"path":"/Users/mrshaq/pinginc/core-interview-public/src/transform/object-id-transform.ts","statementMap":{"0":{"start":{"line":9,"column":0},"end":{"line":9,"column":35}},"1":{"start":{"line":12,"column":4},"end":{"line":14,"column":null}},"2":{"start":{"line":13,"column":8},"end":{"line":13,"column":41}},"3":{"start":{"line":16,"column":4},"end":{"line":18,"column":null}},"4":{"start":{"line":17,"column":8},"end":{"line":17,"column":21}},"5":{"start":{"line":20,"column":4},"end":{"line":22,"column":null}},"6":{"start":{"line":21,"column":8},"end":{"line":21,"column":35}},"7":{"start":{"line":24,"column":4},"end":{"line":24,"column":21}},"8":{"start":{"line":28,"column":4},"end":{"line":28,"column":29}},"9":{"start":{"line":27,"column":0},"end":{"line":27,"column":16}}},"fnMap":{"0":{"name":"toObjectId","decl":{"start":{"line":11,"column":9},"end":{"line":11,"column":19}},"loc":{"start":{"line":11,"column":34},"end":{"line":25,"column":1}}},"1":{"name":"ObjectIdTransform","decl":{"start":{"line":27,"column":16},"end":{"line":27,"column":33}},"loc":{"start":{"line":27,"column":62},"end":{"line":29,"column":1}}}},"branchMap":{"0":{"loc":{"start":{"line":12,"column":4},"end":{"line":14,"column":null}},"type":"if","locations":[{"start":{"line":12,"column":4},"end":{"line":14,"column":null}}]},"1":{"loc":{"start":{"line":16,"column":4},"end":{"line":18,"column":null}},"type":"if","locations":[{"start":{"line":16,"column":4},"end":{"line":18,"column":null}}]},"2":{"loc":{"start":{"line":20,"column":4},"end":{"line":22,"column":null}},"type":"if","locations":[{"start":{"line":20,"column":4},"end":{"line":22,"column":null}}]},"3":{"loc":{"start":{"line":20,"column":8},"end":{"line":20,"column":60}},"type":"binary-expr","locations":[{"start":{"line":20,"column":8},"end":{"line":20,"column":33}},{"start":{"line":20,"column":37},"end":{"line":20,"column":60}}]}},"s":{"0":2,"1":0,"2":0,"3":0,"4":0,"5":0,"6":0,"7":0,"8":0,"9":2},"f":{"0":0,"1":0},"b":{"0":[0],"1":[0],"2":[0],"3":[0,0]}}
,"/Users/mrshaq/pinginc/core-interview-public/src/validate/is-object-id.ts": {"path":"/Users/mrshaq/pinginc/core-interview-public/src/validate/is-object-id.ts","statementMap":{"0":{"start":{"line":8,"column":0},"end":{"line":8,"column":71}},"1":{"start":{"line":9,"column":0},"end":{"line":9,"column":35}},"2":{"start":{"line":11,"column":21},"end":{"line":11,"column":33}},"3":{"start":{"line":14,"column":4},"end":{"line":14,"column":64}},"4":{"start":{"line":13,"column":0},"end":{"line":13,"column":16}},"5":{"start":{"line":18,"column":4},"end":{"line":33,"column":6}},"6":{"start":{"line":19,"column":8},"end":{"line":32,"column":11}},"7":{"start":{"line":27,"column":39},"end":{"line":27,"column":86}},"8":{"start":{"line":28,"column":20},"end":{"line":28,"column":77}},"9":{"start":{"line":30,"column":55},"end":{"line":30,"column":72}},"10":{"start":{"line":17,"column":0},"end":{"line":17,"column":16}}},"fnMap":{"0":{"name":"isObjectId","decl":{"start":{"line":13,"column":16},"end":{"line":13,"column":26}},"loc":{"start":{"line":13,"column":41},"end":{"line":15,"column":1}}},"1":{"name":"IsObjectId","decl":{"start":{"line":17,"column":16},"end":{"line":17,"column":26}},"loc":{"start":{"line":17,"column":64},"end":{"line":34,"column":1}}},"2":{"name":"(anonymous_2)","decl":{"start":{"line":18,"column":11},"end":{"line":18,"column":21}},"loc":{"start":{"line":18,"column":66},"end":{"line":33,"column":5}}},"3":{"name":"(anonymous_3)","decl":{"start":{"line":26,"column":32},"end":{"line":26,"column":43}},"loc":{"start":{"line":26,"column":45},"end":{"line":29,"column":17}}},"4":{"name":"(anonymous_4)","decl":{"start":{"line":30,"column":26},"end":{"line":30,"column":27}},"loc":{"start":{"line":30,"column":55},"end":{"line":30,"column":72}}}},"branchMap":{"0":{"loc":{"start":{"line":14,"column":11},"end":{"line":14,"column":63}},"type":"binary-expr","locations":[{"start":{"line":14,"column":11},"end":{"line":14,"column":36}},{"start":{"line":14,"column":40},"end":{"line":14,"column":63}}]},"1":{"loc":{"start":{"line":27,"column":39},"end":{"line":27,"column":86}},"type":"cond-expr","locations":[{"start":{"line":27,"column":65},"end":{"line":27,"column":81}},{"start":{"line":27,"column":84},"end":{"line":27,"column":86}}]}},"s":{"0":2,"1":2,"2":2,"3":0,"4":2,"5":4,"6":4,"7":0,"8":0,"9":0,"10":2},"f":{"0":0,"1":4,"2":4,"3":0,"4":0},"b":{"0":[0,0],"1":[0,0]}}
}
