TN:
SF:src/app.module.ts
FNF:0
FNH:0
DA:9,2
DA:11,2
DA:12,2
DA:13,2
DA:14,2
DA:19,2
LF:6
LH:6
BRF:0
BRH:0
end_of_record
TN:
SF:src/main.ts
FN:15,bootstrap
FNF:1
FNH:0
FNDA:0,bootstrap
DA:9,0
DA:10,0
DA:11,0
DA:13,0
DA:16,0
DA:17,0
DA:18,0
DA:23,0
DA:24,0
DA:25,0
DA:27,0
LF:11
LH:0
BRF:0
BRH:0
end_of_record
TN:
SF:src/client/client.controller.ts
FN:33,(anonymous_4)
FN:36,(anonymous_5)
FN:46,(anonymous_6)
FN:61,(anonymous_7)
FNF:4
FNH:1
FNDA:7,(anonymous_4)
FNDA:0,(anonymous_5)
FNDA:0,(anonymous_6)
FNDA:0,(anonymous_7)
DA:11,2
DA:24,2
DA:25,2
DA:26,2
DA:27,2
DA:28,2
DA:32,2
DA:33,7
DA:36,2
DA:37,0
DA:38,0
DA:40,0
DA:41,0
DA:46,2
DA:47,0
DA:48,0
DA:50,0
DA:51,0
DA:52,0
DA:54,0
DA:55,0
DA:61,2
DA:65,0
LF:23
LH:11
BRDA:50,0,0,0
BRDA:50,0,1,0
BRF:2
BRH:0
end_of_record
TN:
SF:src/client/client.module.ts
FNF:0
FNH:0
DA:9,2
DA:11,2
DA:12,2
DA:13,2
DA:19,2
LF:5
LH:5
BRF:0
BRH:0
end_of_record
TN:
SF:src/client/client.repository.ts
FN:19,(anonymous_2)
FN:25,(anonymous_3)
FN:36,(anonymous_4)
FN:40,(anonymous_5)
FNF:4
FNH:2
FNDA:7,(anonymous_2)
FNDA:2,(anonymous_3)
FNDA:0,(anonymous_4)
FNDA:0,(anonymous_5)
DA:11,2
DA:14,2
DA:18,2
DA:20,7
DA:26,2
DA:28,2
DA:29,1
DA:32,1
DA:33,1
DA:37,0
DA:46,0
LF:11
LH:9
BRDA:28,0,0,1
BRF:1
BRH:1
end_of_record
TN:
SF:src/client/client.service.ts
FN:23,(anonymous_2)
FN:31,(anonymous_3)
FN:49,(anonymous_4)
FN:62,(anonymous_5)
FN:63,(anonymous_6)
FNF:5
FNH:4
FNDA:7,(anonymous_2)
FNDA:2,(anonymous_3)
FNDA:0,(anonymous_4)
FNDA:1,(anonymous_5)
FNDA:1,(anonymous_6)
DA:9,2
DA:10,2
DA:12,2
DA:13,2
DA:17,2
DA:20,2
DA:21,7
DA:23,7
DA:32,2
DA:34,2
DA:35,1
DA:38,1
DA:39,1
DA:53,0
DA:63,1
DA:64,1
DA:66,1
DA:67,1
DA:68,1
DA:69,1
DA:70,1
DA:71,1
DA:73,1
DA:76,1
DA:77,1
LF:25
LH:24
BRDA:34,0,0,1
BRF:1
BRH:1
end_of_record
TN:
SF:src/client/dto/client-id.dto.ts
FN:18,(anonymous_2)
FNF:1
FNH:0
FNDA:0,(anonymous_2)
DA:9,2
DA:10,2
DA:12,2
DA:13,2
DA:15,2
DA:16,2
DA:18,0
LF:7
LH:6
BRF:0
BRH:0
end_of_record
TN:
SF:src/client/dto/import-many-clients.dto.ts
FN:16,(anonymous_2)
FNF:1
FNH:0
FNDA:0,(anonymous_2)
DA:8,2
DA:9,2
DA:11,2
DA:13,2
DA:15,2
DA:16,0
LF:6
LH:5
BRF:0
BRH:0
end_of_record
TN:
SF:src/client/dto/import-one-client.dto.ts
FN:24,(anonymous_2)
FNF:1
FNH:0
FNDA:0,(anonymous_2)
DA:8,2
DA:9,2
DA:10,2
DA:12,2
DA:13,2
DA:15,2
DA:17,2
DA:22,2
DA:24,0
DA:28,2
DA:33,2
LF:11
LH:10
BRF:0
BRH:0
end_of_record
TN:
SF:src/client/dto/search-many-clients.dto.ts
FNF:0
FNH:0
DA:8,2
DA:10,2
DA:11,2
DA:15,2
LF:4
LH:4
BRF:0
BRH:0
end_of_record
TN:
SF:src/client/entity/client.entity.ts
FNF:0
FNH:0
DA:11,2
LF:1
LH:1
BRF:0
BRH:0
end_of_record
TN:
SF:src/config/config.module.ts
FN:19,(anonymous_2)
FN:32,(anonymous_3)
FN:59,(anonymous_4)
FN:81,(anonymous_5)
FN:101,(anonymous_6)
FN:109,(anonymous_7)
FNF:6
FNH:5
FNDA:2,(anonymous_2)
FNDA:7,(anonymous_3)
FNDA:17,(anonymous_4)
FNDA:12,(anonymous_5)
FNDA:7,(anonymous_6)
FNDA:0,(anonymous_7)
DA:9,3
DA:10,3
DA:11,3
DA:12,3
DA:14,3
DA:18,3
DA:20,2
DA:21,2
DA:22,2
DA:25,2
DA:33,7
DA:34,7
DA:35,0
DA:38,7
DA:39,7
DA:40,0
DA:43,7
DA:44,7
DA:45,0
DA:48,7
DA:49,7
DA:50,7
DA:51,7
DA:52,7
DA:62,17
DA:63,5
DA:64,12
DA:65,11
DA:67,1
DA:70,16
DA:71,4
DA:74,12
DA:75,2
DA:78,10
DA:82,12
DA:83,1
DA:88,11
DA:89,11
DA:91,1
DA:94,10
DA:95,1
DA:98,9
DA:102,7
DA:103,0
DA:106,7
DA:110,0
LF:46
LH:41
BRDA:20,0,0,2
BRDA:33,1,0,7
BRDA:33,1,1,0
BRDA:34,2,0,0
BRDA:38,3,0,7
BRDA:38,3,1,0
BRDA:39,4,0,0
BRDA:43,5,0,7
BRDA:43,5,1,0
BRDA:44,6,0,0
BRDA:62,7,0,5
BRDA:62,7,1,12
BRDA:64,8,0,11
BRDA:64,8,1,1
BRDA:70,9,0,4
BRDA:70,10,0,16
BRDA:70,10,1,13
BRDA:74,11,0,2
BRDA:74,12,0,12
BRDA:74,12,1,11
BRDA:82,13,0,1
BRDA:94,14,0,1
BRDA:102,15,0,0
BRF:23
BRH:16
end_of_record
TN:
SF:src/config/config.ts
FNF:0
FNH:0
DA:9,3
LF:1
LH:1
BRF:0
BRH:0
end_of_record
TN:
SF:src/database/database.module.ts
FN:31,(anonymous_1)
FN:40,(anonymous_2)
FNF:2
FNH:2
FNDA:2,(anonymous_1)
FNDA:7,(anonymous_2)
DA:8,2
DA:9,2
DA:11,2
DA:12,2
DA:30,2
DA:32,2
DA:43,7
DA:44,7
DA:47,0
DA:50,7
DA:51,7
DA:52,7
LF:12
LH:11
BRF:0
BRH:0
end_of_record
TN:
SF:src/database/database.service.ts
FN:19,(anonymous_2)
FN:23,(anonymous_3)
FN:63,(anonymous_4)
FN:67,(anonymous_5)
FN:71,(anonymous_6)
FNF:5
FNH:5
FNDA:7,(anonymous_2)
FNDA:5,(anonymous_3)
FNDA:7,(anonymous_4)
FNDA:7,(anonymous_5)
FNDA:7,(anonymous_6)
DA:8,2
DA:9,2
DA:14,2
DA:15,2
DA:16,2
DA:17,2
DA:20,7
DA:21,7
DA:22,7
DA:23,5
DA:26,7
DA:27,2
DA:30,7
DA:32,7
DA:33,7
DA:34,2
DA:46,7
DA:47,7
DA:48,2
DA:63,7
DA:64,7
DA:68,7
DA:72,7
LF:23
LH:23
BRDA:26,0,0,2
BRDA:33,1,0,2
BRDA:47,2,0,2
BRF:3
BRH:3
end_of_record
TN:
SF:src/error/object-not-found.error.ts
FN:9,(anonymous_0)
FNF:1
FNH:1
FNDA:1,(anonymous_0)
DA:8,2
DA:10,1
DA:11,1
LF:3
LH:3
BRF:0
BRH:0
end_of_record
TN:
SF:src/health/health.controller.ts
FN:16,(anonymous_2)
FN:19,(anonymous_3)
FNF:2
FNH:1
FNDA:9,(anonymous_2)
FNDA:0,(anonymous_3)
DA:9,3
DA:12,3
DA:15,3
DA:16,9
DA:19,3
DA:20,0
DA:21,0
DA:23,0
DA:24,0
LF:9
LH:5
BRF:0
BRH:0
end_of_record
TN:
SF:src/health/health.module.ts
FNF:0
FNH:0
DA:9,3
DA:11,3
DA:12,3
DA:18,3
LF:4
LH:4
BRF:0
BRH:0
end_of_record
TN:
SF:src/health/health.service.ts
FN:17,(anonymous_2)
FN:21,(anonymous_3)
FNF:2
FNH:2
FNDA:9,(anonymous_2)
FNDA:1,(anonymous_3)
DA:9,3
DA:11,3
DA:14,3
DA:15,9
DA:18,9
DA:22,1
LF:6
LH:6
BRF:0
BRH:0
end_of_record
TN:
SF:src/health/dto/health.dto.ts
FNF:0
FNH:0
DA:9,3
LF:1
LH:1
BRF:0
BRH:0
end_of_record
TN:
SF:src/transform/object-id-transform.ts
FN:11,toObjectId
FN:27,ObjectIdTransform
FNF:2
FNH:0
FNDA:0,toObjectId
FNDA:0,ObjectIdTransform
DA:9,2
DA:12,0
DA:13,0
DA:16,0
DA:17,0
DA:20,0
DA:21,0
DA:24,0
DA:27,2
DA:28,0
LF:10
LH:2
BRDA:12,0,0,0
BRDA:16,1,0,0
BRDA:20,2,0,0
BRDA:20,3,0,0
BRDA:20,3,1,0
BRF:5
BRH:0
end_of_record
TN:
SF:src/validate/is-object-id.ts
FN:13,isObjectId
FN:17,IsObjectId
FN:18,(anonymous_2)
FN:26,(anonymous_3)
FN:30,(anonymous_4)
FNF:5
FNH:2
FNDA:0,isObjectId
FNDA:4,IsObjectId
FNDA:4,(anonymous_2)
FNDA:0,(anonymous_3)
FNDA:0,(anonymous_4)
DA:8,2
DA:9,2
DA:11,2
DA:13,2
DA:14,0
DA:17,2
DA:18,4
DA:19,4
DA:27,0
DA:28,0
DA:30,0
LF:11
LH:7
BRDA:14,0,0,0
BRDA:14,0,1,0
BRDA:27,1,0,0
BRDA:27,1,1,0
BRF:4
BRH:0
end_of_record
