<?xml version="1.0" encoding="UTF-8"?>
<testsuites name="e2e" tests="5" failures="2" errors="0" time="2.807">
  <testsuite name="test/app.e2e.spec.ts" errors="0" failures="2" skipped="0" timestamp="2022-09-23T00:45:15" time="2.313" tests="5">
    <testcase classname="AppController (e2e)-GET /health" name="AppController (e2e)-GET /health" time="0.012">
    </testcase>
    <testcase classname="AppController (e2e)-POST /clients/import" name="AppController (e2e)-POST /clients/import" time="0.018">
      <failure>Error: expected 201 &quot;Created&quot;, got 501 &quot;Not Implemented&quot;
    at Object.&lt;anonymous&gt; (/Users/mrshaq/pinginc/core-interview-public/test/app.e2e.spec.ts:75:95)
    at Promise.then.completed (/Users/mrshaq/pinginc/core-interview-public/node_modules/jest-circus/build/utils.js:333:28)
    at new Promise (&lt;anonymous&gt;)
    at callAsyncCircusFn (/Users/mrshaq/pinginc/core-interview-public/node_modules/jest-circus/build/utils.js:259:10)
    at _callCircusTest (/Users/mrshaq/pinginc/core-interview-public/node_modules/jest-circus/build/run.js:277:40)
    at processTicksAndRejections (node:internal/process/task_queues:95:5)
    at _runTest (/Users/mrshaq/pinginc/core-interview-public/node_modules/jest-circus/build/run.js:209:3)
    at _runTestsForDescribeBlock (/Users/mrshaq/pinginc/core-interview-public/node_modules/jest-circus/build/run.js:97:9)
----
    at Test._assertStatus (/Users/mrshaq/pinginc/core-interview-public/node_modules/supertest/lib/test.js:252:14)
    at /Users/mrshaq/pinginc/core-interview-public/node_modules/supertest/lib/test.js:306:17
    at Test._assertFunction (/Users/mrshaq/pinginc/core-interview-public/node_modules/supertest/lib/test.js:285:13)
    at Test.assert (/Users/mrshaq/pinginc/core-interview-public/node_modules/supertest/lib/test.js:164:23)
    at Server.localAssert (/Users/mrshaq/pinginc/core-interview-public/node_modules/supertest/lib/test.js:120:14)
    at Object.onceWrapper (node:events:627:28)
    at Server.emit (node:events:513:28)
    at emitCloseNT (node:net:1820:8)
    at processTicksAndRejections (node:internal/process/task_queues:81:21)</failure>
    </testcase>
    <testcase classname="AppController (e2e)-GET /clients - should validate limit" name="AppController (e2e)-GET /clients - should validate limit" time="0.005">
    </testcase>
    <testcase classname="AppController (e2e)-GET /clients - should validate search" name="AppController (e2e)-GET /clients - should validate search" time="0.004">
    </testcase>
    <testcase classname="AppController (e2e)-GET /clients - should return valid results" name="AppController (e2e)-GET /clients - should return valid results" time="0.011">
      <failure>Error: expected 200 &quot;OK&quot;, got 500 &quot;Internal Server Error&quot;
    at Object.&lt;anonymous&gt; (/Users/mrshaq/pinginc/core-interview-public/test/app.e2e.spec.ts:95:18)
    at Promise.then.completed (/Users/mrshaq/pinginc/core-interview-public/node_modules/jest-circus/build/utils.js:333:28)
    at new Promise (&lt;anonymous&gt;)
    at callAsyncCircusFn (/Users/mrshaq/pinginc/core-interview-public/node_modules/jest-circus/build/utils.js:259:10)
    at _callCircusTest (/Users/mrshaq/pinginc/core-interview-public/node_modules/jest-circus/build/run.js:277:40)
    at processTicksAndRejections (node:internal/process/task_queues:95:5)
    at _runTest (/Users/mrshaq/pinginc/core-interview-public/node_modules/jest-circus/build/run.js:209:3)
    at _runTestsForDescribeBlock (/Users/mrshaq/pinginc/core-interview-public/node_modules/jest-circus/build/run.js:97:9)
----
    at Test._assertStatus (/Users/mrshaq/pinginc/core-interview-public/node_modules/supertest/lib/test.js:252:14)
    at /Users/mrshaq/pinginc/core-interview-public/node_modules/supertest/lib/test.js:306:17
    at Test._assertFunction (/Users/mrshaq/pinginc/core-interview-public/node_modules/supertest/lib/test.js:285:13)
    at Test.assert (/Users/mrshaq/pinginc/core-interview-public/node_modules/supertest/lib/test.js:164:23)
    at Server.localAssert (/Users/mrshaq/pinginc/core-interview-public/node_modules/supertest/lib/test.js:120:14)
    at Object.onceWrapper (node:events:627:28)
    at Server.emit (node:events:513:28)
    at emitCloseNT (node:net:1820:8)
    at processTicksAndRejections (node:internal/process/task_queues:81:21)</failure>
    </testcase>
  </testsuite>
</testsuites>